C51 COMPILER V9.60.7.0   MAIN_FILE                                                         01/13/2023 00:02:34 PAGE 1   


C51 COMPILER V9.60.7.0, COMPILATION OF MODULE MAIN_FILE
OBJECT MODULE PLACED IN .\Objects\Main File.obj
COMPILER INVOKED BY: C:\Keil_v5\C51\BIN\C51.EXE Main File.c OPTIMIZE(8,SPEED) BROWSE DEBUG OBJECTEXTEND PRINT(.\Listings
                    -\Main File.lst) TABS(2) OBJECT(.\Objects\Main File.obj)

line level    source

   1          #include<REG51.h>
   2          sbit SW1 = P0^0;
   3          sbit SW2 = P0^1;
   4          void UpCount (void);
   5          void DownCount (void);
   6          void Delay (void);
   7          unsigned char Count; 
   8          unsigned char Pattern[10]= {0xF9, 0xA4, 0xB0, 0x99, 0x92, 0x82, 0xF8, 0x80, 0x90, 0xC0,};
   9          
  10          void main(void){
  11   1        Count=0;
  12   1        SW1 = 1;
  13   1        SW2 = 1;
  14   1        P2 = 0xC0;
  15   1        while(1)
  16   1        {
  17   2        if(SW1 == 0) 
  18   2        {
  19   3        UpCount();
  20   3        Delay(); 
  21   3        while (SW1==0);
  22   3        P2 = Pattern[Count];
  23   3        }
  24   2        if (SW2 == 0)
  25   2        {
  26   3        DownCount();
  27   3        Delay();
  28   3        while (SW2==0); 
  29   3        P2 = Pattern[Count];
  30   3        }
  31   2        }
  32   1      }
  33          
  34          void UpCount (void) {
  35   1        Count++;
  36   1        if (Count==10) 
  37   1          Count = 0;
  38   1      }
  39          
  40          void DownCount (void){
  41   1        if (Count == 0) Count = 10; 
  42   1        Count--; 
  43   1      }
  44          
  45          void Delay (void){
  46   1        unsigned char x; 
  47   1        for (x=0; x < 10; x++);
  48   1      }
  49            


MODULE INFORMATION:   STATIC OVERLAYABLE
   CODE SIZE        =     80    ----
   CONSTANT SIZE    =   ----    ----
C51 COMPILER V9.60.7.0   MAIN_FILE                                                         01/13/2023 00:02:34 PAGE 2   

   XDATA SIZE       =   ----    ----
   PDATA SIZE       =   ----    ----
   DATA SIZE        =     11    ----
   IDATA SIZE       =   ----    ----
   BIT SIZE         =   ----    ----
END OF MODULE INFORMATION.


C51 COMPILATION COMPLETE.  0 WARNING(S),  0 ERROR(S)
