C51 COMPILER V9.60.7.0   MAIN_FILE                                                         01/18/2023 22:24:33 PAGE 1   


C51 COMPILER V9.60.7.0, COMPILATION OF MODULE MAIN_FILE
OBJECT MODULE PLACED IN .\Objects\Main File.obj
COMPILER INVOKED BY: C:\Keil_v5\C51\BIN\C51.EXE Main File.c OPTIMIZE(8,SPEED) BROWSE DEBUG OBJECTEXTEND PRINT(.\Listings
                    -\Main File.lst) TABS(2) OBJECT(.\Objects\Main File.obj)

line level    source

   1          // C program for interfacing servo motor with 8051 microcontroller
   2          
   3          
   4          #include<reg51.h>
   5          
   6          sbit output=P2^0;
   7          
   8          
   9          void msdelay(unsigned int time)  // Function for creating delay in milliseconds.
  10          
  11          {
  12   1      
  13   1          unsigned i,j ;
  14   1      
  15   1          for(i=0;i<time;i++)    
  16   1      
  17   1          for(j=0;j<1275;j++);
  18   1      
  19   1      }
  20          
  21          
  22          void servo_delay(int times)     // Creating Delay in multilple of 50us using 8051 Timers
  23          
  24          {
  25   1      
  26   1          int m;
  27   1      
  28   1          for(m=0;m<times;m++)
  29   1      
  30   1          {
  31   2      
  32   2              TH0=0xFF;
  33   2      
  34   2              TL0=0xD2;
  35   2      
  36   2              TR0=1;
  37   2      
  38   2              while(TF0==0);
  39   2      
  40   2              TF0=0;
  41   2      
  42   2              TR0=0;
  43   2      
  44   2          }
  45   1      
  46   1      }
  47          
  48          void main()
  49          
  50          {
  51   1      
  52   1          int n;
  53   1      
  54   1          TMOD=0x01;                // Selecting Timer 0, Mode 1
C51 COMPILER V9.60.7.0   MAIN_FILE                                                         01/18/2023 22:24:33 PAGE 2   

  55   1      
  56   1          output=0;
  57   1      
  58   1          while(1)
  59   1      
  60   1          {
  61   2      
  62   2              for(n=13;n<28;n=n+2)
  63   2      
  64   2              {
  65   3      
  66   3                  output=1;
  67   3      
  68   3                  servo_delay(n);     
  69   3      
  70   3                  output=0;
  71   3      
  72   3                  servo_delay(260);
  73   3      
  74   3                  msdelay(200);
  75   3      
  76   3              }
  77   2      
  78   2          }
  79   1      
  80   1      }
  81          


MODULE INFORMATION:   STATIC OVERLAYABLE
   CODE SIZE        =    120    ----
   CONSTANT SIZE    =   ----    ----
   XDATA SIZE       =   ----    ----
   PDATA SIZE       =   ----    ----
   DATA SIZE        =   ----    ----
   IDATA SIZE       =   ----    ----
   BIT SIZE         =   ----    ----
END OF MODULE INFORMATION.


C51 COMPILATION COMPLETE.  0 WARNING(S),  0 ERROR(S)
