C51 COMPILER V9.60.7.0   MAIN_FILE                                                         01/18/2023 23:30:50 PAGE 1   


C51 COMPILER V9.60.7.0, COMPILATION OF MODULE MAIN_FILE
OBJECT MODULE PLACED IN .\Objects\Main File.obj
COMPILER INVOKED BY: C:\Keil_v5\C51\BIN\C51.EXE Main File.c OPTIMIZE(8,SPEED) BROWSE DEBUG OBJECTEXTEND PRINT(.\Listings
                    -\Main File.lst) TABS(2) OBJECT(.\Objects\Main File.obj)

line level    source

   1          #include<reg51.h>
   2          sbit rs=P1^0;
   3          sbit rw=P1^1;
   4          sbit en=P1^2;
   5          void lcdcmd (unsigned char);
   6          void lcddat (unsigned char);
   7          void delay(){
   8   1        unsigned int i;
   9   1        for(i = 0; i<12000 ; i++);
  10   1      } 
  11          void main(){
  12   1        P2=0x00;
  13   1        while (1){
  14   2          lcdcmd(0x38);
  15   2          delay();
  16   2          lcdcmd(0x01);
  17   2          delay();
  18   2          lcdcmd(0x10);
  19   2          delay();
  20   2          lcdcmd(0x0c);
  21   2          delay();
  22   2          
  23   2          delay();
  24   2          lcddat('E');
  25   2          delay();
  26   2          lcddat('E');
  27   2          delay();
  28   2          lcddat('T');
  29   2          delay();
  30   2          lcddat('C');
  31   2          delay();
  32   2        }
  33   1      }
  34          
  35          void lcdcmd (unsigned char val){
  36   1        P2=val;
  37   1        rs=0;
  38   1        rw=0;
  39   1        en=1;
  40   1        delay();
  41   1        en=0;
  42   1      }
  43          
  44          void lcddat (unsigned char val){
  45   1        P2=val;
  46   1        rs=1;
  47   1        rw=0;
  48   1        en=1;
  49   1        delay();
  50   1        en=0;
  51   1      }
  52          


C51 COMPILER V9.60.7.0   MAIN_FILE                                                         01/18/2023 23:30:50 PAGE 2   

MODULE INFORMATION:   STATIC OVERLAYABLE
   CODE SIZE        =    115    ----
   CONSTANT SIZE    =   ----    ----
   XDATA SIZE       =   ----    ----
   PDATA SIZE       =   ----    ----
   DATA SIZE        =   ----    ----
   IDATA SIZE       =   ----    ----
   BIT SIZE         =   ----    ----
END OF MODULE INFORMATION.


C51 COMPILATION COMPLETE.  0 WARNING(S),  0 ERROR(S)
