C51 COMPILER V9.60.7.0   MAINFILE                                                          01/18/2023 17:20:17 PAGE 1   


C51 COMPILER V9.60.7.0, COMPILATION OF MODULE MAINFILE
OBJECT MODULE PLACED IN .\Objects\mainfile.obj
COMPILER INVOKED BY: C:\Keil_v5\C51\BIN\C51.EXE mainfile.c OPTIMIZE(8,SPEED) BROWSE DEBUG OBJECTEXTEND PRINT(.\Listings\
                    -mainfile.lst) TABS(2) OBJECT(.\Objects\mainfile.obj)

line level    source

   1          #include <reg51.h> // 8051 header file 
   2          unsigned char Column[8]= { 0x80, 0x40, 0x20, 0x10, 0x08, 0x04, 0x02, 0x01}; // Column Data in Array
   3          unsigned char Row[102] = {  0x00, 0x3F, 0x48, 0x88, 0x48, 0x3F, //A
   4                                      0x00, 0xFF, 0x91, 0x91, 0x91, 0x6E, //B
   5                                      0x00, 0x7E, 0x81, 0x81, 0x81, 0x42, //C
   6                                      0x00, 0xFF, 0x81, 0x81, 0x81, 0x7E, //D
   7                                      0x00, 0xFF, 0x91, 0x91, 0x91, 0x81, //E
   8                                      0x00, 0xFF, 0x90, 0x90, 0x90, 0x80, //F
   9                                      0x00, 0x7E, 0x81, 0x81, 0x89, 0x46, //G
  10                                      0x00, 0xFF, 0x10, 0x10, 0x10, 0xFF, //H
  11                                      0x00, 0x00, 0x00, 0xFF, 0x00, 0x00, //I
  12                                      0x00, 0x06, 0x81, 0x81, 0xFE, 0x80, //J
  13                                      0x00, 0xFF, 0x18, 0x24, 0x42, 0x81, //K
  14                                      0x00, 0xFF, 0x01, 0x01, 0x01, 0x01, //L
  15                                      0x00, 0x7F, 0x80, 0x7C, 0x80, 0x7F, //M
  16                                      0x00, 0xFF, 0x40, 0x3C, 0x02, 0xFF, //N
  17                                      0x00, 0x7E, 0x81, 0x81, 0x81, 0x7F, //O
  18                                      0x00, 0x7F, 0x88, 0x88, 0x88, 0x70, //P
  19                                      0x00, 0x7E, 0x81, 0x81, 0x7E, 0x01,}; //Q
  20          void Delay(unsigned int num) //Delay Function
  21          {
  22   1          unsigned int i,j; //Define Variable
  23   1          for(i=0;i<num;i++) //For Loop For Delay 
  24   1          for(j=0;j<600;j++);//For Loop For Delay
  25   1      }
  26          unsigned char i, j, k, l, m; // Define Variable
  27          void main()// Main program
  28          {
  29   1            i=0; //Initial Value is 0
  30   1            j=0; //Initial Value is 0
  31   1           while(1) //Repeat forever
  32   1              {
  33   2                for (m=0; m<20; m++)
  34   2                {
  35   3                  for (i=0;i<8; i++)
  36   3                  {
  37   4                    P1 =Column[i]; // Send Column Data To P1
  38   4                    P2 =Row[j];// Send Row Data To P2 
  39   4                    Delay(1); //Delay 
  40   4                    j++; // Increment j value with 1
  41   4                    if(j==102) j = 0;
  42   4                  }
  43   3                  j=l;
  44   3                  if(l==102) l=0;
  45   3              }
  46   2                l++;
  47   2              j=l;
  48   2          }
  49   1        }
  50          


MODULE INFORMATION:   STATIC OVERLAYABLE
   CODE SIZE        =    112    ----
C51 COMPILER V9.60.7.0   MAINFILE                                                          01/18/2023 17:20:17 PAGE 2   

   CONSTANT SIZE    =   ----    ----
   XDATA SIZE       =   ----    ----
   PDATA SIZE       =   ----    ----
   DATA SIZE        =    115    ----
   IDATA SIZE       =   ----    ----
   BIT SIZE         =   ----    ----
END OF MODULE INFORMATION.


C51 COMPILATION COMPLETE.  0 WARNING(S),  0 ERROR(S)
