C51 COMPILER V9.60.7.0   MAIN_FILE                                                         01/12/2023 23:27:24 PAGE 1   


C51 COMPILER V9.60.7.0, COMPILATION OF MODULE MAIN_FILE
OBJECT MODULE PLACED IN .\Objects\Main File.obj
COMPILER INVOKED BY: C:\Keil_v5\C51\BIN\C51.EXE Main File.c OPTIMIZE(8,SPEED) BROWSE DEBUG OBJECTEXTEND PRINT(.\Listings
                    -\Main File.lst) TABS(2) OBJECT(.\Objects\Main File.obj)

line level    source

   1          #include<REG51.h>
   2          void Delay(void);
   3          void main(void)
   4          {
   5   1      P2 = 0xFF;
   6   1      while(1)
   7   1        {
   8   2        P2 = 0xF9;
   9   2        Delay();
  10   2        P2 = 0xA4;
  11   2        Delay();
  12   2        P2 = 0xB0;
  13   2        Delay();
  14   2        P2 = 0x99;
  15   2        Delay();
  16   2        P2 = 0x92;
  17   2        Delay();
  18   2        P2 = 0x82;
  19   2        Delay();
  20   2        P2 = 0xF8;
  21   2        Delay();
  22   2        P2 = 0x80;
  23   2        Delay();
  24   2        P2 = 0x90;
  25   2        Delay();
  26   2        P2 = 0xC0;
  27   2        Delay();
  28   2        }
  29   1      }
  30          
  31          void Delay(void)
  32            {
  33   1        unsigned int x,y;
  34   1        for(x=0 ; x<1000 ; x++)
  35   1        for(y=0 ; y<165 ; y++);
  36   1      }


MODULE INFORMATION:   STATIC OVERLAYABLE
   CODE SIZE        =     94    ----
   CONSTANT SIZE    =   ----    ----
   XDATA SIZE       =   ----    ----
   PDATA SIZE       =   ----    ----
   DATA SIZE        =   ----    ----
   IDATA SIZE       =   ----    ----
   BIT SIZE         =   ----    ----
END OF MODULE INFORMATION.


C51 COMPILATION COMPLETE.  0 WARNING(S),  0 ERROR(S)
