C51 COMPILER V9.60.7.0   MAIN_FILE                                                         01/13/2023 01:05:37 PAGE 1   


C51 COMPILER V9.60.7.0, COMPILATION OF MODULE MAIN_FILE
OBJECT MODULE PLACED IN .\Objects\Main File.obj
COMPILER INVOKED BY: C:\Keil_v5\C51\BIN\C51.EXE Main File.c OPTIMIZE(8,SPEED) BROWSE DEBUG OBJECTEXTEND PRINT(.\Listings
                    -\Main File.lst) TABS(2) OBJECT(.\Objects\Main File.obj)

line level    source

   1          #include <REG51.h>
   2          void Delay (void);
   3          void main(void){
   4   1        while (1)
   5   1        {
   6   2          P2 = 0xFF;
   7   2          Delay(); 
   8   2          P2 = 0xFE; 
   9   2          Delay();
  10   2          P2 = 0XFD;
  11   2          Delay(); 
  12   2          P2 = 0xFB; 
  13   2          Delay();
  14   2          P2 = 0XF7;
  15   2          Delay();
  16   2          P2 = 0xEF;
  17   2          Delay();
  18   2          P2 = 0XDF; 
  19   2          Delay(); 
  20   2          P2 = 0xBF;
  21   2          Delay(); 
  22   2          P2 = 0x7E;
  23   2          Delay();
  24   2        }
  25   1      }
  26          
  27          void Delay (void){
  28   1        unsigned int x,y;
  29   1        for (x=0; x < 1000; x++)  
  30   1        for (y = 0; y <165; y++); 
  31   1      }
  32          


MODULE INFORMATION:   STATIC OVERLAYABLE
   CODE SIZE        =     85    ----
   CONSTANT SIZE    =   ----    ----
   XDATA SIZE       =   ----    ----
   PDATA SIZE       =   ----    ----
   DATA SIZE        =   ----    ----
   IDATA SIZE       =   ----    ----
   BIT SIZE         =   ----    ----
END OF MODULE INFORMATION.


C51 COMPILATION COMPLETE.  0 WARNING(S),  0 ERROR(S)
