C51 COMPILER V9.60.7.0   MAINFILE                                                          01/13/2023 03:17:48 PAGE 1   


C51 COMPILER V9.60.7.0, COMPILATION OF MODULE MAINFILE
OBJECT MODULE PLACED IN .\Objects\mainfile.obj
COMPILER INVOKED BY: C:\Keil_v5\C51\BIN\C51.EXE mainfile.c OPTIMIZE(8,SPEED) BROWSE DEBUG OBJECTEXTEND PRINT(.\Listings\
                    -mainfile.lst) TABS(2) OBJECT(.\Objects\mainfile.obj)

line level    source

   1          #include <reg51.h> // 8051 header file 
   2          unsigned char Column[8]= { 0x80, 0x40, 0x20, 0x10, 0x08, 0x04, 0x02, 0x01}; // Column Data in Array
   3          
   4          unsigned char Row[8] = { 0x00, 0x3F, 0x48, 0x88, 0x48, 0x3F, 0x00, 0x00}; //Row Data in Array
   5          void Delay(unsigned int); //Define Delay Function
   6          unsigned char i, j; // Define Variable
   7          
   8            void main()// Main program
   9              {
  10   1      
  11   1            i=0; //Initial Value is 0
  12   1            j=0; //Initial Value is 0
  13   1      
  14   1            while(1) //Repeat forever
  15   1              {
  16   2                P1 =Column[i]; // Send Column Data To P1
  17   2                P2 =Row[j]; // Send Row Data To P2 
  18   2                Delay(1); //Delay
  19   2                i++; // Increment i value with 1 
  20   2                j++; // Increment j value with 1
  21   2                if(i==8) i = 0;
  22   2                if(j==8) j = 0;
  23   2              }
  24   1          }
  25          void Delay(unsigned int num) //Delay Function
  26            {
  27   1          unsigned int i,j; //Define Variable
  28   1          for(i=0;i<num;i++) //For Loop For Delay 
  29   1          for(j=0;j<600;j++);//For Loop For Delay
  30   1      }


MODULE INFORMATION:   STATIC OVERLAYABLE
   CODE SIZE        =     82    ----
   CONSTANT SIZE    =   ----    ----
   XDATA SIZE       =   ----    ----
   PDATA SIZE       =   ----    ----
   DATA SIZE        =     18    ----
   IDATA SIZE       =   ----    ----
   BIT SIZE         =   ----    ----
END OF MODULE INFORMATION.


C51 COMPILATION COMPLETE.  0 WARNING(S),  0 ERROR(S)
