C51 COMPILER V9.60.7.0   MAIN_FILE                                                         01/17/2023 02:03:27 PAGE 1   


C51 COMPILER V9.60.7.0, COMPILATION OF MODULE MAIN_FILE
OBJECT MODULE PLACED IN .\Objects\Main File.obj
COMPILER INVOKED BY: C:\Keil_v5\C51\BIN\C51.EXE Main File.c OPTIMIZE(8,SPEED) BROWSE DEBUG OBJECTEXTEND PRINT(.\Listings
                    -\Main File.lst) TABS(2) OBJECT(.\Objects\Main File.obj)

line level    source

   1          #include<reg51.h>
   2          sfr LCD = 0xA0;
   3          sbit RS = P1^0;
   4          sbit RW = P1^1;
   5          sbit EN = P1^2;
   6          
   7          void LCD_INI(void);
   8          void LCD_CMD(unsigned char);
   9          void LCD_DATA(unsigned char);
  10          void msDelay(unsigned int);
  11          void Send_Data(unsigned char *Str);
  12          void LCD_LINE1(unsigned char);
  13          void LCD_LINE2(unsigned char);
  14          
  15          
  16          void main(void)
  17          {
  18   1        msDelay(10);
  19   1        LCD_INI();
  20   1        LCD_LINE1(6);
  21   1        Send_Data("WELCOME TO");
  22   1        LCD_LINE2(4);
  23   1        Send_Data("ETC");
  24   1        msDelay(300);
  25   1        while(1);
  26   1      }
  27          
  28          void LCD_INI(void)
  29          {
  30   1        msDelay(100);
  31   1        LCD_CMD(0x38);
  32   1        LCD_CMD(0x0E);
  33   1        LCD_CMD(0x01);
  34   1      }
  35          
  36          void LCD_CMD(unsigned char x)
  37          {
  38   1        LCD = x;
  39   1        RS = 0;
  40   1        RW = 0;
  41   1        EN = 1;
  42   1        msDelay(1);
  43   1        EN = 0;
  44   1        return;
  45   1      }
  46          
  47          void Send_Data(unsigned char *str)
  48          {
  49   1        while(*str)
  50   1          LCD_DATA(*str++);
  51   1      }
  52          void LCD_LINE1(unsigned char position)
  53          {
  54   1        LCD_CMD(0x80 + position);
C51 COMPILER V9.60.7.0   MAIN_FILE                                                         01/17/2023 02:03:27 PAGE 2   

  55   1      }
  56          void LCD_LINE2 (unsigned char position)
  57          {
  58   1        LCD_CMD(0xc0 + position);
  59   1      }
  60          
  61          void LCD_DATA(unsigned char w)
  62          {
  63   1        LCD = w;
  64   1        RS = 1;
  65   1        RW = 0;
  66   1        EN = 1;
  67   1        msDelay(1);
  68   1        EN = 0;
  69   1        return;
  70   1      }
  71          
  72          void msDelay(unsigned int Time)
  73          {
  74   1        unsigned int y,z;
  75   1        for(y=0; y<Time; y++);
  76   1        for(z=0; z<500; z++);
  77   1      }


MODULE INFORMATION:   STATIC OVERLAYABLE
   CODE SIZE        =    180    ----
   CONSTANT SIZE    =     15    ----
   XDATA SIZE       =   ----    ----
   PDATA SIZE       =   ----    ----
   DATA SIZE        =   ----       3
   IDATA SIZE       =   ----    ----
   BIT SIZE         =   ----    ----
END OF MODULE INFORMATION.


C51 COMPILATION COMPLETE.  0 WARNING(S),  0 ERROR(S)
