C51 COMPILER V9.60.7.0   MAIN_FILE                                                         01/18/2023 21:39:45 PAGE 1   


C51 COMPILER V9.60.7.0, COMPILATION OF MODULE MAIN_FILE
OBJECT MODULE PLACED IN .\Objects\Main File.obj
COMPILER INVOKED BY: C:\Keil_v5\C51\BIN\C51.EXE Main File.c OPTIMIZE(8,SPEED) BROWSE DEBUG OBJECTEXTEND PRINT(.\Listings
                    -\Main File.lst) TABS(2) OBJECT(.\Objects\Main File.obj)

line level    source

   1          #include < at89x52.h> // Header file for AT89S52
   2          
   3          void timer1_ovf(void) interrupt 3 // timer 1 for 20ms
   4          {
   5   1      TH1=0xB7;
   6   1      TL1=0xFE;
   7   1      P1_0=1;
   8   1      TR0=1;
   9   1      }
  10          
  11          void timer0_ovf(void) interrupt 1 // timer 0 for various shaft position
  12          {
  13   1      if(P2_0==0) //PB2 pressed
  14   1      {
  15   2      TH0=0xFC; //0 degree shaft position
  16   2      TL0=0x65;
  17   2      }
  18   1      else if(P2_1==0) // PB1 pressed
  19   1      {
  20   2      TH0=0xF8; //180 degree shaft position
  21   2      TL0=0xCB;
  22   2      }
  23   1      P1_0=0;
  24   1      TR0=0;
  25   1      }
  26          
  27          void main(void)
  28          {
  29   1      P2=0xFF; // Using PORT2 as input
  30   1      TMOD=0x11;
  31   1      ET1=1;
  32   1      ET0=1;
  33   1      TH1=0xB7;
  34   1      TL1=0xFE;
  35   1      TR1=1;
  36   1      EA=1;
  37   1      while(1){}
  38   1      }


MODULE INFORMATION:   STATIC OVERLAYABLE
   CODE SIZE        =     58    ----
   CONSTANT SIZE    =   ----    ----
   XDATA SIZE       =   ----    ----
   PDATA SIZE       =   ----    ----
   DATA SIZE        =   ----    ----
   IDATA SIZE       =   ----    ----
   BIT SIZE         =   ----    ----
END OF MODULE INFORMATION.


C51 COMPILATION COMPLETE.  0 WARNING(S),  0 ERROR(S)
